<?xml version="1.0" encoding="UTF-8"?>
<!-- Generated by org.testng.reporters.JUnitReportReporter -->
<testsuite hostname="DESKTOP-FMCFGK5" failures="0" tests="52" name="MDM.AccountAssignmentGroup" time="458.645" errors="0" timestamp="2024-12-10T17:59:03 IST" skipped="0">
  <testcase classname="MDM.AccountAssignmentGroup" name="export" time="7.247"/>
  <testcase classname="MDM.AccountAssignmentGroup" name="search" time="7.565"/>
  <testcase classname="MDM.AccountAssignmentGroup" name="addnew" time="9.964"/>
  <testcase classname="MDM.AccountAssignmentGroup" name="addnew" time="8.002"/>
  <testcase classname="MDM.AccountAssignmentGroup" name="valuechecks" time="7.918"/>
  <testcase classname="MDM.AccountAssignmentGroup" name="valuechecks" time="7.501"/>
  <testcase classname="MDM.AccountAssignmentGroup" name="valuechecks" time="7.580"/>
  <testcase classname="MDM.AccountAssignmentGroup" name="search" time="7.557"/>
  <testcase classname="MDM.AccountAssignmentGroup" name="search" time="7.701"/>
  <testcase classname="MDM.AccountAssignmentGroup" name="search" time="7.592"/>
  <testcase classname="MDM.AccountAssignmentGroup" name="valuechecks" time="7.885"/>
  <testcase classname="MDM.AccountAssignmentGroup" name="search" time="8.247"/>
  <testcase classname="MDM.AccountAssignmentGroup" name="valuechecks" time="8.374"/>
  <testcase classname="MDM.AccountAssignmentGroup" name="search" time="7.617"/>
  <testcase classname="MDM.AccountAssignmentGroup" name="addnew" time="7.681"/>
  <testcase classname="MDM.AccountAssignmentGroup" name="search" time="7.809"/>
  <testcase classname="MDM.AccountAssignmentGroup" name="valuechecks" time="8.460"/>
  <testcase classname="MDM.AccountAssignmentGroup" name="valuechecks" time="8.102"/>
  <testcase classname="MDM.AccountAssignmentGroup" name="addnew" time="8.206"/>
  <testcase classname="MDM.AccountAssignmentGroup" name="filter" time="15.096"/>
  <testcase classname="MDM.AccountAssignmentGroup" name="valuechecks" time="8.005"/>
  <testcase classname="MDM.AccountAssignmentGroup" name="search" time="7.504"/>
  <testcase classname="MDM.AccountAssignmentGroup" name="addnew" time="7.829"/>
  <testcase classname="MDM.AccountAssignmentGroup" name="valuechecks" time="7.564"/>
  <testcase classname="MDM.AccountAssignmentGroup" name="search" time="7.927"/>
  <testcase classname="MDM.AccountAssignmentGroup" name="valuechecks" time="8.387"/>
  <testcase classname="MDM.AccountAssignmentGroup" name="addnew" time="8.362"/>
  <testcase classname="MDM.AccountAssignmentGroup" name="search" time="7.504"/>
  <testcase classname="MDM.AccountAssignmentGroup" name="addnew" time="7.882"/>
  <testcase classname="MDM.AccountAssignmentGroup" name="valuechecks" time="7.602"/>
  <testcase classname="MDM.AccountAssignmentGroup" name="addnew" time="8.590"/>
  <testcase classname="MDM.AccountAssignmentGroup" name="addnew" time="7.928"/>
  <testcase classname="MDM.AccountAssignmentGroup" name="addnew" time="8.060"/>
  <testcase classname="MDM.AccountAssignmentGroup" name="addnew" time="7.733"/>
  <testcase classname="MDM.AccountAssignmentGroup" name="addnew" time="8.231"/>
  <testcase classname="MDM.AccountAssignmentGroup" name="addnew" time="7.794"/>
  <testcase classname="MDM.AccountAssignmentGroup" name="addnew" time="7.814"/>
  <testcase classname="MDM.AccountAssignmentGroup" name="addnew" time="7.955"/>
  <testcase classname="MDM.AccountAssignmentGroup" name="search" time="7.834"/>
  <testcase classname="MDM.AccountAssignmentGroup" name="search" time="7.860"/>
  <testcase classname="MDM.AccountAssignmentGroup" name="addnew" time="8.659"/>
  <testcase classname="MDM.AccountAssignmentGroup" name="valuechecks" time="7.585"/>
  <testcase classname="MDM.AccountAssignmentGroup" name="search" time="7.730"/>
  <testcase classname="MDM.AccountAssignmentGroup" name="valuechecks" time="8.082"/>
  <testcase classname="MDM.AccountAssignmentGroup" name="valuechecks" time="7.766"/>
  <testcase classname="MDM.AccountAssignmentGroup" name="search" time="8.130"/>
  <testcase classname="MDM.AccountAssignmentGroup" name="AccountAss1" time="38.573"/>
  <testcase classname="MDM.AccountAssignmentGroup" name="valuechecks" time="7.620"/>
  <testcase classname="MDM.AccountAssignmentGroup" name="Density" time="17.090"/>
  <testcase classname="MDM.AccountAssignmentGroup" name="search" time="7.679"/>
  <testcase classname="MDM.AccountAssignmentGroup" name="valuechecks" time="7.686"/>
  <testcase classname="MDM.AccountAssignmentGroup" name="search" time="7.576"/>
</testsuite> <!-- MDM.AccountAssignmentGroup -->
