<?xml version="1.0" encoding="UTF-8"?>
<!-- Generated by org.testng.reporters.JUnitReportReporter -->
<testsuite hostname="DESKTOP-FMCFGK5" failures="0" tests="1" name="UshaCustProcesses.VendorAddNewModule" time="14.746" errors="0" timestamp="2024-10-21T15:26:42 IST" skipped="0">
  <testcase classname="UshaCustProcesses.VendorAddNewModule" name="scenario2" time="14.746"/>
</testsuite> <!-- UshaCustProcesses.VendorAddNewModule -->
