<?xml version="1.0" encoding="UTF-8"?>
<!-- Generated by org.testng.reporters.JUnitReportReporter -->
<testsuite hostname="DESKTOP-FMCFGK5" failures="0" tests="1" name="VendorCreationModule.FinalModuleCheck" time="3.183" errors="0" timestamp="2024-11-11T10:13:43 IST" skipped="0">
  <testcase classname="VendorCreationModule.FinalModuleCheck" name="case2" time="3.183"/>
</testsuite> <!-- VendorCreationModule.FinalModuleCheck -->
