<?xml version="1.0" encoding="UTF-8"?>
<!-- Generated by org.testng.reporters.JUnitReportReporter -->
<testsuite hostname="DESKTOP-FMCFGK5" failures="0" tests="23" name="MDM.DealerFunctioning" time="209.954" errors="0" timestamp="2024-12-11T15:55:23 IST" skipped="0">
  <testcase classname="MDM.DealerFunctioning" name="addNewModule" time="12.236"/>
  <testcase classname="MDM.DealerFunctioning" name="columninputs" time="7.027"/>
  <testcase classname="MDM.DealerFunctioning" name="scenario1" time="17.436"/>
  <testcase classname="MDM.DealerFunctioning" name="columninputs" time="7.019"/>
  <testcase classname="MDM.DealerFunctioning" name="addNewModule" time="12.295"/>
  <testcase classname="MDM.DealerFunctioning" name="columninputs" time="6.995"/>
  <testcase classname="MDM.DealerFunctioning" name="addNewModule" time="10.507"/>
  <testcase classname="MDM.DealerFunctioning" name="case1" time="7.662"/>
  <testcase classname="MDM.DealerFunctioning" name="columninputs" time="6.959"/>
  <testcase classname="MDM.DealerFunctioning" name="addNewModule" time="11.516"/>
  <testcase classname="MDM.DealerFunctioning" name="columninputs" time="6.996"/>
  <testcase classname="MDM.DealerFunctioning" name="addNewModule" time="10.486"/>
  <testcase classname="MDM.DealerFunctioning" name="addNewModule" time="10.483"/>
  <testcase classname="MDM.DealerFunctioning" name="columninputs" time="7.065"/>
  <testcase classname="MDM.DealerFunctioning" name="filters" time="10.013"/>
  <testcase classname="MDM.DealerFunctioning" name="addNewModule" time="10.427"/>
  <testcase classname="MDM.DealerFunctioning" name="addNewModule" time="10.900"/>
  <testcase classname="MDM.DealerFunctioning" name="columninputs" time="7.357"/>
  <testcase classname="MDM.DealerFunctioning" name="Scenario2" time="8.369"/>
  <testcase classname="MDM.DealerFunctioning" name="columninputs" time="7.005"/>
  <testcase classname="MDM.DealerFunctioning" name="columninputs" time="7.070"/>
  <testcase classname="MDM.DealerFunctioning" name="columninputs" time="7.044"/>
  <testcase classname="MDM.DealerFunctioning" name="columninputs" time="7.087"/>
</testsuite> <!-- MDM.DealerFunctioning -->
