<?xml version="1.0" encoding="UTF-8"?>
<!-- Generated by org.testng.reporters.JUnitReportReporter -->
<testsuite hostname="DESKTOP-FMCFGK5" failures="0" tests="1" name="VendorCreationModule.VendorAddNewModule" time="8.212" errors="0" timestamp="2024-10-21T15:37:59 IST" skipped="0">
  <testcase classname="VendorCreationModule.VendorAddNewModule" name="scenario3" time="8.212"/>
</testsuite> <!-- VendorCreationModule.VendorAddNewModule -->
