<?xml version="1.0" encoding="UTF-8"?>
<!-- Generated by org.testng.reporters.JUnitReportReporter -->
<testsuite hostname="DESKTOP-FMCFGK5" failures="0" tests="1" name="MDM.AreaSalesOffice" time="19.049" errors="0" timestamp="2024-12-11T12:38:52 IST" skipped="0">
  <testcase classname="MDM.AreaSalesOffice" name="combinedscenarios3" time="19.049"/>
</testsuite> <!-- MDM.AreaSalesOffice -->
