<?xml version="1.0" encoding="UTF-8"?>
<!-- Generated by org.testng.reporters.JUnitReportReporter -->
<testsuite hostname="DESKTOP-FMCFGK5" failures="0" tests="4" name="VendorCreationModule.VendorModifications" time="79.331" errors="0" timestamp="2024-10-25T15:34:58 IST" skipped="0">
  <testcase classname="VendorCreationModule.VendorModifications" name="scenario2" time="19.495"/>
  <testcase classname="VendorCreationModule.VendorModifications" name="scenario3" time="34.804"/>
  <testcase classname="VendorCreationModule.VendorModifications" name="scenario4" time="9.502"/>
  <testcase classname="VendorCreationModule.VendorModifications" name="scenario1" time="15.530"/>
</testsuite> <!-- VendorCreationModule.VendorModifications -->
