<?xml version="1.0" encoding="UTF-8"?>
<!-- Generated by org.testng.reporters.JUnitReportReporter -->
<testsuite hostname="DESKTOP-FMCFGK5" failures="0" tests="17" name="VendorCreationModule.VendorCreationMduleCovergae" time="0.000" errors="0" timestamp="2024-12-10T11:20:11 IST" skipped="17">
  <testcase classname="VendorCreationModule.VendorCreationMduleCovergae" name="case1" time="0.000">
    <skipped/>
  </testcase> <!-- case1 -->
  <testcase classname="VendorCreationModule.VendorCreationMduleCovergae" name="case2" time="0.000">
    <skipped/>
  </testcase> <!-- case2 -->
  <testcase classname="VendorCreationModule.VendorCreationMduleCovergae" name="case3" time="0.000">
    <skipped/>
  </testcase> <!-- case3 -->
  <testcase classname="VendorCreationModule.VendorCreationMduleCovergae" name="case4" time="0.000">
    <skipped/>
  </testcase> <!-- case4 -->
  <testcase classname="VendorCreationModule.VendorCreationMduleCovergae" name="case5" time="0.000">
    <skipped/>
  </testcase> <!-- case5 -->
  <testcase classname="VendorCreationModule.VendorCreationMduleCovergae" name="case6" time="0.000">
    <skipped/>
  </testcase> <!-- case6 -->
  <testcase classname="VendorCreationModule.VendorCreationMduleCovergae" name="case7" time="0.000">
    <skipped/>
  </testcase> <!-- case7 -->
  <testcase classname="VendorCreationModule.VendorCreationMduleCovergae" name="case8" time="0.000">
    <skipped/>
  </testcase> <!-- case8 -->
  <testcase classname="VendorCreationModule.VendorCreationMduleCovergae" name="case9" time="0.000">
    <skipped/>
  </testcase> <!-- case9 -->
  <testcase classname="VendorCreationModule.VendorCreationMduleCovergae" name="case10" time="0.000">
    <skipped/>
  </testcase> <!-- case10 -->
  <testcase classname="VendorCreationModule.VendorCreationMduleCovergae" name="case11" time="0.000">
    <skipped/>
  </testcase> <!-- case11 -->
  <testcase classname="VendorCreationModule.VendorCreationMduleCovergae" name="case12" time="0.000">
    <skipped/>
  </testcase> <!-- case12 -->
  <testcase classname="VendorCreationModule.VendorCreationMduleCovergae" name="case13" time="0.000">
    <skipped/>
  </testcase> <!-- case13 -->
  <testcase classname="VendorCreationModule.VendorCreationMduleCovergae" name="case14" time="0.000">
    <skipped/>
  </testcase> <!-- case14 -->
  <testcase classname="VendorCreationModule.VendorCreationMduleCovergae" name="case15" time="0.000">
    <skipped/>
  </testcase> <!-- case15 -->
  <testcase classname="VendorCreationModule.VendorCreationMduleCovergae" name="case16" time="0.000">
    <skipped/>
  </testcase> <!-- case16 -->
  <testcase classname="VendorCreationModule.VendorCreationMduleCovergae" name="case17" time="0.000">
    <skipped/>
  </testcase> <!-- case17 -->
</testsuite> <!-- VendorCreationModule.VendorCreationMduleCovergae -->
