<?xml version="1.0" encoding="UTF-8"?>
<!-- Generated by org.testng.reporters.JUnitReportReporter -->
<testsuite hostname="DESKTOP-FMCFGK5" failures="0" tests="10" name="VendorCreationModule.DashboardFunctionality" time="0.003" errors="0" timestamp="2024-12-10T11:20:11 IST" skipped="10">
  <testcase classname="VendorCreationModule.DashboardFunctionality" name="scenario3" time="0.001">
    <skipped/>
  </testcase> <!-- scenario3 -->
  <testcase classname="VendorCreationModule.DashboardFunctionality" name="scenario6" time="0.000">
    <skipped/>
  </testcase> <!-- scenario6 -->
  <testcase classname="VendorCreationModule.DashboardFunctionality" name="scenario7" time="0.000">
    <skipped/>
  </testcase> <!-- scenario7 -->
  <testcase classname="VendorCreationModule.DashboardFunctionality" name="scenario5" time="0.000">
    <skipped/>
  </testcase> <!-- scenario5 -->
  <testcase classname="VendorCreationModule.DashboardFunctionality" name="scenario4" time="0.000">
    <skipped/>
  </testcase> <!-- scenario4 -->
  <testcase classname="VendorCreationModule.DashboardFunctionality" name="scenario8" time="0.001">
    <skipped/>
  </testcase> <!-- scenario8 -->
  <testcase classname="VendorCreationModule.DashboardFunctionality" name="scenario1" time="0.000">
    <skipped/>
  </testcase> <!-- scenario1 -->
  <testcase classname="VendorCreationModule.DashboardFunctionality" name="scenario10" time="0.000">
    <skipped/>
  </testcase> <!-- scenario10 -->
  <testcase classname="VendorCreationModule.DashboardFunctionality" name="scenario2" time="0.001">
    <skipped/>
  </testcase> <!-- scenario2 -->
  <testcase classname="VendorCreationModule.DashboardFunctionality" name="scenario9" time="0.000">
    <skipped/>
  </testcase> <!-- scenario9 -->
</testsuite> <!-- VendorCreationModule.DashboardFunctionality -->
