<?xml version="1.0" encoding="UTF-8"?>
<!-- Generated by org.testng.reporters.JUnitReportReporter -->
<testsuite hostname="DESKTOP-FMCFGK5" failures="0" tests="4" name="VendorCreationModule.VendorModifications" time="0.000" errors="0" timestamp="2024-12-10T11:20:11 IST" skipped="4">
  <testcase classname="VendorCreationModule.VendorModifications" name="scenario2" time="0.000">
    <skipped/>
  </testcase> <!-- scenario2 -->
  <testcase classname="VendorCreationModule.VendorModifications" name="scenario4" time="0.000">
    <skipped/>
  </testcase> <!-- scenario4 -->
  <testcase classname="VendorCreationModule.VendorModifications" name="scenario1" time="0.000">
    <skipped/>
  </testcase> <!-- scenario1 -->
  <testcase classname="VendorCreationModule.VendorModifications" name="scenario3" time="0.000">
    <skipped/>
  </testcase> <!-- scenario3 -->
</testsuite> <!-- VendorCreationModule.VendorModifications -->
