<?xml version="1.0" encoding="UTF-8"?>
<!-- Generated by org.testng.reporters.JUnitReportReporter -->
<testsuite hostname="DESKTOP-FMCFGK5" failures="0" tests="35" name="VendorCreationModule.FinalModuleCheck" time="0.001" errors="0" timestamp="2024-12-10T11:20:11 IST" skipped="35">
  <testcase classname="VendorCreationModule.FinalModuleCheck" name="case6" time="0.000">
    <skipped/>
  </testcase> <!-- case6 -->
  <testcase classname="VendorCreationModule.FinalModuleCheck" name="case7" time="0.000">
    <skipped/>
  </testcase> <!-- case7 -->
  <testcase classname="VendorCreationModule.FinalModuleCheck" name="case7" time="0.000">
    <skipped/>
  </testcase> <!-- case7 -->
  <testcase classname="VendorCreationModule.FinalModuleCheck" name="case2" time="0.000">
    <skipped/>
  </testcase> <!-- case2 -->
  <testcase classname="VendorCreationModule.FinalModuleCheck" name="case7" time="0.000">
    <skipped/>
  </testcase> <!-- case7 -->
  <testcase classname="VendorCreationModule.FinalModuleCheck" name="case7" time="0.000">
    <skipped/>
  </testcase> <!-- case7 -->
  <testcase classname="VendorCreationModule.FinalModuleCheck" name="case7" time="0.000">
    <skipped/>
  </testcase> <!-- case7 -->
  <testcase classname="VendorCreationModule.FinalModuleCheck" name="case1" time="0.000">
    <skipped/>
  </testcase> <!-- case1 -->
  <testcase classname="VendorCreationModule.FinalModuleCheck" name="case7" time="0.000">
    <skipped/>
  </testcase> <!-- case7 -->
  <testcase classname="VendorCreationModule.FinalModuleCheck" name="case6" time="0.000">
    <skipped/>
  </testcase> <!-- case6 -->
  <testcase classname="VendorCreationModule.FinalModuleCheck" name="case5" time="0.000">
    <skipped/>
  </testcase> <!-- case5 -->
  <testcase classname="VendorCreationModule.FinalModuleCheck" name="case7" time="0.000">
    <skipped/>
  </testcase> <!-- case7 -->
  <testcase classname="VendorCreationModule.FinalModuleCheck" name="case6" time="0.000">
    <skipped/>
  </testcase> <!-- case6 -->
  <testcase classname="VendorCreationModule.FinalModuleCheck" name="case7" time="0.000">
    <skipped/>
  </testcase> <!-- case7 -->
  <testcase classname="VendorCreationModule.FinalModuleCheck" name="case7" time="0.000">
    <skipped/>
  </testcase> <!-- case7 -->
  <testcase classname="VendorCreationModule.FinalModuleCheck" name="case6" time="0.000">
    <skipped/>
  </testcase> <!-- case6 -->
  <testcase classname="VendorCreationModule.FinalModuleCheck" name="case6" time="0.000">
    <skipped/>
  </testcase> <!-- case6 -->
  <testcase classname="VendorCreationModule.FinalModuleCheck" name="case7" time="0.000">
    <skipped/>
  </testcase> <!-- case7 -->
  <testcase classname="VendorCreationModule.FinalModuleCheck" name="case6" time="0.000">
    <skipped/>
  </testcase> <!-- case6 -->
  <testcase classname="VendorCreationModule.FinalModuleCheck" name="case7" time="0.000">
    <skipped/>
  </testcase> <!-- case7 -->
  <testcase classname="VendorCreationModule.FinalModuleCheck" name="case6" time="0.000">
    <skipped/>
  </testcase> <!-- case6 -->
  <testcase classname="VendorCreationModule.FinalModuleCheck" name="case4" time="0.001">
    <skipped/>
  </testcase> <!-- case4 -->
  <testcase classname="VendorCreationModule.FinalModuleCheck" name="case6" time="0.000">
    <skipped/>
  </testcase> <!-- case6 -->
  <testcase classname="VendorCreationModule.FinalModuleCheck" name="case6" time="0.000">
    <skipped/>
  </testcase> <!-- case6 -->
  <testcase classname="VendorCreationModule.FinalModuleCheck" name="case3" time="0.000">
    <skipped/>
  </testcase> <!-- case3 -->
  <testcase classname="VendorCreationModule.FinalModuleCheck" name="case7" time="0.000">
    <skipped/>
  </testcase> <!-- case7 -->
  <testcase classname="VendorCreationModule.FinalModuleCheck" name="case6" time="0.000">
    <skipped/>
  </testcase> <!-- case6 -->
  <testcase classname="VendorCreationModule.FinalModuleCheck" name="case6" time="0.000">
    <skipped/>
  </testcase> <!-- case6 -->
  <testcase classname="VendorCreationModule.FinalModuleCheck" name="case6" time="0.000">
    <skipped/>
  </testcase> <!-- case6 -->
  <testcase classname="VendorCreationModule.FinalModuleCheck" name="case6" time="0.000">
    <skipped/>
  </testcase> <!-- case6 -->
  <testcase classname="VendorCreationModule.FinalModuleCheck" name="case6" time="0.000">
    <skipped/>
  </testcase> <!-- case6 -->
  <testcase classname="VendorCreationModule.FinalModuleCheck" name="case6" time="0.000">
    <skipped/>
  </testcase> <!-- case6 -->
  <testcase classname="VendorCreationModule.FinalModuleCheck" name="case7" time="0.000">
    <skipped/>
  </testcase> <!-- case7 -->
  <testcase classname="VendorCreationModule.FinalModuleCheck" name="case7" time="0.000">
    <skipped/>
  </testcase> <!-- case7 -->
  <testcase classname="VendorCreationModule.FinalModuleCheck" name="case7" time="0.000">
    <skipped/>
  </testcase> <!-- case7 -->
</testsuite> <!-- VendorCreationModule.FinalModuleCheck -->
