<?xml version="1.0" encoding="UTF-8"?>
<!-- Generated by org.testng.reporters.JUnitReportReporter -->
<testsuite hostname="DESKTOP-FMCFGK5" failures="0" tests="320" name="VendorCreationModule.CustomertoVendor2" time="8.013" errors="1" timestamp="2024-12-10T11:20:11 IST" skipped="319">
  <testcase classname="VendorCreationModule.CustomertoVendor2" name="startup" time="7.986">
    <error message="unknown error: net::ERR_CONNECTION_REFUSED
  (Session info: chrome=131.0.6778.109)
Build info: version: &#039;4.23.0&#039;, revision: &#039;4df0a231af&#039;
System info: os.name: &#039;Windows 11&#039;, os.arch: &#039;amd64&#039;, os.version: &#039;10.0&#039;, java.version: &#039;21.0.4&#039;
Driver info: org.openqa.selenium.chrome.ChromeDriver
Command: [83eb43084778215b4b7ac68a546b7c1c, get {url=https://bizflowqa.usha.com/#/}]
Capabilities {acceptInsecureCerts: false, browserName: chrome, browserVersion: 131.0.6778.109, chrome: {chromedriverVersion: 131.0.6778.87 (ce31cae94873..., userDataDir: C:\Users\Admin\AppData\Loca...}, fedcm:accounts: true, goog:chromeOptions: {debuggerAddress: localhost:50443}, networkConnectionEnabled: false, pageLoadStrategy: normal, platformName: windows, proxy: Proxy(), se:cdp: ws://localhost:50443/devtoo..., se:cdpVersion: 131.0.6778.109, setWindowRect: true, strictFileInteractability: false, timeouts: {implicit: 0, pageLoad: 300000, script: 30000}, unhandledPromptBehavior: dismiss and notify, webauthn:extension:credBlob: true, webauthn:extension:largeBlob: true, webauthn:extension:minPinLength: true, webauthn:extension:prf: true, webauthn:virtualAuthenticators: true}
Session ID: 83eb43084778215b4b7ac68a546b7c1c" type="org.openqa.selenium.WebDriverException">
      <![CDATA[org.openqa.selenium.WebDriverException: unknown error: net::ERR_CONNECTION_REFUSED
  (Session info: chrome=131.0.6778.109)
Build info: version: '4.23.0', revision: '4df0a231af'
System info: os.name: 'Windows 11', os.arch: 'amd64', os.version: '10.0', java.version: '21.0.4'
Driver info: org.openqa.selenium.chrome.ChromeDriver
Command: [83eb43084778215b4b7ac68a546b7c1c, get {url=https://bizflowqa.usha.com/#/}]
Capabilities {acceptInsecureCerts: false, browserName: chrome, browserVersion: 131.0.6778.109, chrome: {chromedriverVersion: 131.0.6778.87 (ce31cae94873..., userDataDir: C:\Users\Admin\AppData\Loca...}, fedcm:accounts: true, goog:chromeOptions: {debuggerAddress: localhost:50443}, networkConnectionEnabled: false, pageLoadStrategy: normal, platformName: windows, proxy: Proxy(), se:cdp: ws://localhost:50443/devtoo..., se:cdpVersion: 131.0.6778.109, setWindowRect: true, strictFileInteractability: false, timeouts: {implicit: 0, pageLoad: 300000, script: 30000}, unhandledPromptBehavior: dismiss and notify, webauthn:extension:credBlob: true, webauthn:extension:largeBlob: true, webauthn:extension:minPinLength: true, webauthn:extension:prf: true, webauthn:virtualAuthenticators: true}
Session ID: 83eb43084778215b4b7ac68a546b7c1c
at java.base/jdk.internal.reflect.DirectConstructorHandleAccessor.newInstance(DirectConstructorHandleAccessor.java:62)
at java.base/java.lang.reflect.Constructor.newInstanceWithCaller(Constructor.java:502)
at java.base/java.lang.reflect.Constructor.newInstance(Constructor.java:486)
at org.openqa.selenium.remote.ErrorCodec.decode(ErrorCodec.java:167)
at org.openqa.selenium.remote.codec.w3c.W3CHttpResponseCodec.decode(W3CHttpResponseCodec.java:138)
at org.openqa.selenium.remote.codec.w3c.W3CHttpResponseCodec.decode(W3CHttpResponseCodec.java:50)
at org.openqa.selenium.remote.HttpCommandExecutor.execute(HttpCommandExecutor.java:190)
at org.openqa.selenium.remote.service.DriverCommandExecutor.invokeExecute(DriverCommandExecutor.java:216)
at org.openqa.selenium.remote.service.DriverCommandExecutor.execute(DriverCommandExecutor.java:174)
at org.openqa.selenium.remote.RemoteWebDriver.execute(RemoteWebDriver.java:527)
at org.openqa.selenium.remote.RemoteWebDriver.get(RemoteWebDriver.java:302)
at VendorCreationModule.CustomertoVendor2.startup(CustomertoVendor2.java:54)
at java.base/jdk.internal.reflect.DirectMethodHandleAccessor.invoke(DirectMethodHandleAccessor.java:103)
at java.base/java.lang.reflect.Method.invoke(Method.java:580)
at org.testng.internal.invokers.MethodInvocationHelper.invokeMethod(MethodInvocationHelper.java:141)
at org.testng.internal.invokers.MethodInvocationHelper.invokeMethodConsideringTimeout(MethodInvocationHelper.java:71)
at org.testng.internal.invokers.ConfigInvoker.invokeConfigurationMethod(ConfigInvoker.java:400)
at org.testng.internal.invokers.ConfigInvoker.invokeConfigurations(ConfigInvoker.java:333)
at org.testng.TestRunner.invokeTestConfigurations(TestRunner.java:655)
at org.testng.TestRunner.beforeRun(TestRunner.java:644)
at org.testng.TestRunner.run(TestRunner.java:610)
at org.testng.SuiteRunner.runTest(SuiteRunner.java:421)
at org.testng.SuiteRunner.runSequentially(SuiteRunner.java:413)
at org.testng.SuiteRunner.privateRun(SuiteRunner.java:373)
at org.testng.SuiteRunner.run(SuiteRunner.java:312)
at org.testng.SuiteRunnerWorker.runSuite(SuiteRunnerWorker.java:52)
at org.testng.SuiteRunnerWorker.run(SuiteRunnerWorker.java:95)
at org.testng.TestNG.runSuitesSequentially(TestNG.java:1274)
at org.testng.TestNG.runSuitesLocally(TestNG.java:1208)
at org.testng.TestNG.runSuites(TestNG.java:1112)
at org.testng.TestNG.run(TestNG.java:1079)
at org.apache.maven.surefire.testng.TestNGExecutor.run(TestNGExecutor.java:136)
at org.apache.maven.surefire.testng.TestNGDirectoryTestSuite.executeMulti(TestNGDirectoryTestSuite.java:193)
at org.apache.maven.surefire.testng.TestNGDirectoryTestSuite.execute(TestNGDirectoryTestSuite.java:94)
at org.apache.maven.surefire.testng.TestNGProvider.invoke(TestNGProvider.java:145)
at org.apache.maven.surefire.booter.ForkedBooter.runSuitesInProcess(ForkedBooter.java:428)
at org.apache.maven.surefire.booter.ForkedBooter.execute(ForkedBooter.java:162)
at org.apache.maven.surefire.booter.ForkedBooter.run(ForkedBooter.java:562)
at org.apache.maven.surefire.booter.ForkedBooter.main(ForkedBooter.java:548)
]]>
    </error>
  </testcase> <!-- startup -->
  <testcase classname="VendorCreationModule.CustomertoVendor2" name="case1" time="0.000">
    <skipped/>
  </testcase> <!-- case1 -->
  <testcase classname="VendorCreationModule.CustomertoVendor2" name="case2" time="0.000">
    <skipped/>
  </testcase> <!-- case2 -->
  <testcase classname="VendorCreationModule.CustomertoVendor2" name="case3" time="0.000">
    <skipped/>
  </testcase> <!-- case3 -->
  <testcase classname="VendorCreationModule.CustomertoVendor2" name="case4" time="0.000">
    <skipped/>
  </testcase> <!-- case4 -->
  <testcase classname="VendorCreationModule.CustomertoVendor2" name="case5" time="0.000">
    <skipped/>
  </testcase> <!-- case5 -->
  <testcase classname="VendorCreationModule.CustomertoVendor2" name="case5" time="0.001">
    <skipped/>
  </testcase> <!-- case5 -->
  <testcase classname="VendorCreationModule.CustomertoVendor2" name="case5" time="0.000">
    <skipped/>
  </testcase> <!-- case5 -->
  <testcase classname="VendorCreationModule.CustomertoVendor2" name="case5" time="0.000">
    <skipped/>
  </testcase> <!-- case5 -->
  <testcase classname="VendorCreationModule.CustomertoVendor2" name="case5" time="0.000">
    <skipped/>
  </testcase> <!-- case5 -->
  <testcase classname="VendorCreationModule.CustomertoVendor2" name="case5" time="0.000">
    <skipped/>
  </testcase> <!-- case5 -->
  <testcase classname="VendorCreationModule.CustomertoVendor2" name="case5" time="0.001">
    <skipped/>
  </testcase> <!-- case5 -->
  <testcase classname="VendorCreationModule.CustomertoVendor2" name="case5" time="0.000">
    <skipped/>
  </testcase> <!-- case5 -->
  <testcase classname="VendorCreationModule.CustomertoVendor2" name="case5" time="0.000">
    <skipped/>
  </testcase> <!-- case5 -->
  <testcase classname="VendorCreationModule.CustomertoVendor2" name="case5" time="0.000">
    <skipped/>
  </testcase> <!-- case5 -->
  <testcase classname="VendorCreationModule.CustomertoVendor2" name="case5" time="0.000">
    <skipped/>
  </testcase> <!-- case5 -->
  <testcase classname="VendorCreationModule.CustomertoVendor2" name="case5" time="0.001">
    <skipped/>
  </testcase> <!-- case5 -->
  <testcase classname="VendorCreationModule.CustomertoVendor2" name="case5" time="0.000">
    <skipped/>
  </testcase> <!-- case5 -->
  <testcase classname="VendorCreationModule.CustomertoVendor2" name="case5" time="0.000">
    <skipped/>
  </testcase> <!-- case5 -->
  <testcase classname="VendorCreationModule.CustomertoVendor2" name="case5" time="0.000">
    <skipped/>
  </testcase> <!-- case5 -->
  <testcase classname="VendorCreationModule.CustomertoVendor2" name="case5" time="0.000">
    <skipped/>
  </testcase> <!-- case5 -->
  <testcase classname="VendorCreationModule.CustomertoVendor2" name="case5" time="0.000">
    <skipped/>
  </testcase> <!-- case5 -->
  <testcase classname="VendorCreationModule.CustomertoVendor2" name="case5" time="0.000">
    <skipped/>
  </testcase> <!-- case5 -->
  <testcase classname="VendorCreationModule.CustomertoVendor2" name="case5" time="0.000">
    <skipped/>
  </testcase> <!-- case5 -->
  <testcase classname="VendorCreationModule.CustomertoVendor2" name="case5" time="0.000">
    <skipped/>
  </testcase> <!-- case5 -->
  <testcase classname="VendorCreationModule.CustomertoVendor2" name="case5" time="0.000">
    <skipped/>
  </testcase> <!-- case5 -->
  <testcase classname="VendorCreationModule.CustomertoVendor2" name="case5" time="0.000">
    <skipped/>
  </testcase> <!-- case5 -->
  <testcase classname="VendorCreationModule.CustomertoVendor2" name="case5" time="0.000">
    <skipped/>
  </testcase> <!-- case5 -->
  <testcase classname="VendorCreationModule.CustomertoVendor2" name="case5" time="0.000">
    <skipped/>
  </testcase> <!-- case5 -->
  <testcase classname="VendorCreationModule.CustomertoVendor2" name="case5" time="0.000">
    <skipped/>
  </testcase> <!-- case5 -->
  <testcase classname="VendorCreationModule.CustomertoVendor2" name="case5" time="0.000">
    <skipped/>
  </testcase> <!-- case5 -->
  <testcase classname="VendorCreationModule.CustomertoVendor2" name="case5" time="0.000">
    <skipped/>
  </testcase> <!-- case5 -->
  <testcase classname="VendorCreationModule.CustomertoVendor2" name="case5" time="0.000">
    <skipped/>
  </testcase> <!-- case5 -->
  <testcase classname="VendorCreationModule.CustomertoVendor2" name="case5" time="0.000">
    <skipped/>
  </testcase> <!-- case5 -->
  <testcase classname="VendorCreationModule.CustomertoVendor2" name="case5" time="0.000">
    <skipped/>
  </testcase> <!-- case5 -->
  <testcase classname="VendorCreationModule.CustomertoVendor2" name="case5" time="0.000">
    <skipped/>
  </testcase> <!-- case5 -->
  <testcase classname="VendorCreationModule.CustomertoVendor2" name="case5" time="0.000">
    <skipped/>
  </testcase> <!-- case5 -->
  <testcase classname="VendorCreationModule.CustomertoVendor2" name="case5" time="0.000">
    <skipped/>
  </testcase> <!-- case5 -->
  <testcase classname="VendorCreationModule.CustomertoVendor2" name="case5" time="0.000">
    <skipped/>
  </testcase> <!-- case5 -->
  <testcase classname="VendorCreationModule.CustomertoVendor2" name="case5" time="0.000">
    <skipped/>
  </testcase> <!-- case5 -->
  <testcase classname="VendorCreationModule.CustomertoVendor2" name="case5" time="0.000">
    <skipped/>
  </testcase> <!-- case5 -->
  <testcase classname="VendorCreationModule.CustomertoVendor2" name="case5" time="0.000">
    <skipped/>
  </testcase> <!-- case5 -->
  <testcase classname="VendorCreationModule.CustomertoVendor2" name="case5" time="0.000">
    <skipped/>
  </testcase> <!-- case5 -->
  <testcase classname="VendorCreationModule.CustomertoVendor2" name="case5" time="0.001">
    <skipped/>
  </testcase> <!-- case5 -->
  <testcase classname="VendorCreationModule.CustomertoVendor2" name="case5" time="0.000">
    <skipped/>
  </testcase> <!-- case5 -->
  <testcase classname="VendorCreationModule.CustomertoVendor2" name="case5" time="0.000">
    <skipped/>
  </testcase> <!-- case5 -->
  <testcase classname="VendorCreationModule.CustomertoVendor2" name="case5" time="0.000">
    <skipped/>
  </testcase> <!-- case5 -->
  <testcase classname="VendorCreationModule.CustomertoVendor2" name="case5" time="0.000">
    <skipped/>
  </testcase> <!-- case5 -->
  <testcase classname="VendorCreationModule.CustomertoVendor2" name="case5" time="0.000">
    <skipped/>
  </testcase> <!-- case5 -->
  <testcase classname="VendorCreationModule.CustomertoVendor2" name="case5" time="0.000">
    <skipped/>
  </testcase> <!-- case5 -->
  <testcase classname="VendorCreationModule.CustomertoVendor2" name="case6" time="0.000">
    <skipped/>
  </testcase> <!-- case6 -->
  <testcase classname="VendorCreationModule.CustomertoVendor2" name="case6" time="0.000">
    <skipped/>
  </testcase> <!-- case6 -->
  <testcase classname="VendorCreationModule.CustomertoVendor2" name="case6" time="0.000">
    <skipped/>
  </testcase> <!-- case6 -->
  <testcase classname="VendorCreationModule.CustomertoVendor2" name="case6" time="0.001">
    <skipped/>
  </testcase> <!-- case6 -->
  <testcase classname="VendorCreationModule.CustomertoVendor2" name="case6" time="0.000">
    <skipped/>
  </testcase> <!-- case6 -->
  <testcase classname="VendorCreationModule.CustomertoVendor2" name="case6" time="0.000">
    <skipped/>
  </testcase> <!-- case6 -->
  <testcase classname="VendorCreationModule.CustomertoVendor2" name="case6" time="0.000">
    <skipped/>
  </testcase> <!-- case6 -->
  <testcase classname="VendorCreationModule.CustomertoVendor2" name="case6" time="0.000">
    <skipped/>
  </testcase> <!-- case6 -->
  <testcase classname="VendorCreationModule.CustomertoVendor2" name="case6" time="0.000">
    <skipped/>
  </testcase> <!-- case6 -->
  <testcase classname="VendorCreationModule.CustomertoVendor2" name="case6" time="0.000">
    <skipped/>
  </testcase> <!-- case6 -->
  <testcase classname="VendorCreationModule.CustomertoVendor2" name="case6" time="0.000">
    <skipped/>
  </testcase> <!-- case6 -->
  <testcase classname="VendorCreationModule.CustomertoVendor2" name="case6" time="0.000">
    <skipped/>
  </testcase> <!-- case6 -->
  <testcase classname="VendorCreationModule.CustomertoVendor2" name="case6" time="0.000">
    <skipped/>
  </testcase> <!-- case6 -->
  <testcase classname="VendorCreationModule.CustomertoVendor2" name="case6" time="0.000">
    <skipped/>
  </testcase> <!-- case6 -->
  <testcase classname="VendorCreationModule.CustomertoVendor2" name="case6" time="0.001">
    <skipped/>
  </testcase> <!-- case6 -->
  <testcase classname="VendorCreationModule.CustomertoVendor2" name="case6" time="0.000">
    <skipped/>
  </testcase> <!-- case6 -->
  <testcase classname="VendorCreationModule.CustomertoVendor2" name="case6" time="0.000">
    <skipped/>
  </testcase> <!-- case6 -->
  <testcase classname="VendorCreationModule.CustomertoVendor2" name="case6" time="0.000">
    <skipped/>
  </testcase> <!-- case6 -->
  <testcase classname="VendorCreationModule.CustomertoVendor2" name="case6" time="0.000">
    <skipped/>
  </testcase> <!-- case6 -->
  <testcase classname="VendorCreationModule.CustomertoVendor2" name="case6" time="0.000">
    <skipped/>
  </testcase> <!-- case6 -->
  <testcase classname="VendorCreationModule.CustomertoVendor2" name="case6" time="0.000">
    <skipped/>
  </testcase> <!-- case6 -->
  <testcase classname="VendorCreationModule.CustomertoVendor2" name="case6" time="0.000">
    <skipped/>
  </testcase> <!-- case6 -->
  <testcase classname="VendorCreationModule.CustomertoVendor2" name="case6" time="0.000">
    <skipped/>
  </testcase> <!-- case6 -->
  <testcase classname="VendorCreationModule.CustomertoVendor2" name="case6" time="0.000">
    <skipped/>
  </testcase> <!-- case6 -->
  <testcase classname="VendorCreationModule.CustomertoVendor2" name="case6" time="0.000">
    <skipped/>
  </testcase> <!-- case6 -->
  <testcase classname="VendorCreationModule.CustomertoVendor2" name="case6" time="0.000">
    <skipped/>
  </testcase> <!-- case6 -->
  <testcase classname="VendorCreationModule.CustomertoVendor2" name="case6" time="0.000">
    <skipped/>
  </testcase> <!-- case6 -->
  <testcase classname="VendorCreationModule.CustomertoVendor2" name="case6" time="0.000">
    <skipped/>
  </testcase> <!-- case6 -->
  <testcase classname="VendorCreationModule.CustomertoVendor2" name="case6" time="0.000">
    <skipped/>
  </testcase> <!-- case6 -->
  <testcase classname="VendorCreationModule.CustomertoVendor2" name="case6" time="0.001">
    <skipped/>
  </testcase> <!-- case6 -->
  <testcase classname="VendorCreationModule.CustomertoVendor2" name="case6" time="0.000">
    <skipped/>
  </testcase> <!-- case6 -->
  <testcase classname="VendorCreationModule.CustomertoVendor2" name="case6" time="0.001">
    <skipped/>
  </testcase> <!-- case6 -->
  <testcase classname="VendorCreationModule.CustomertoVendor2" name="case6" time="0.000">
    <skipped/>
  </testcase> <!-- case6 -->
  <testcase classname="VendorCreationModule.CustomertoVendor2" name="case6" time="0.000">
    <skipped/>
  </testcase> <!-- case6 -->
  <testcase classname="VendorCreationModule.CustomertoVendor2" name="case6" time="0.000">
    <skipped/>
  </testcase> <!-- case6 -->
  <testcase classname="VendorCreationModule.CustomertoVendor2" name="case6" time="0.000">
    <skipped/>
  </testcase> <!-- case6 -->
  <testcase classname="VendorCreationModule.CustomertoVendor2" name="case6" time="0.000">
    <skipped/>
  </testcase> <!-- case6 -->
  <testcase classname="VendorCreationModule.CustomertoVendor2" name="case6" time="0.000">
    <skipped/>
  </testcase> <!-- case6 -->
  <testcase classname="VendorCreationModule.CustomertoVendor2" name="case6" time="0.000">
    <skipped/>
  </testcase> <!-- case6 -->
  <testcase classname="VendorCreationModule.CustomertoVendor2" name="case6" time="0.000">
    <skipped/>
  </testcase> <!-- case6 -->
  <testcase classname="VendorCreationModule.CustomertoVendor2" name="case6" time="0.000">
    <skipped/>
  </testcase> <!-- case6 -->
  <testcase classname="VendorCreationModule.CustomertoVendor2" name="case6" time="0.000">
    <skipped/>
  </testcase> <!-- case6 -->
  <testcase classname="VendorCreationModule.CustomertoVendor2" name="case6" time="0.000">
    <skipped/>
  </testcase> <!-- case6 -->
  <testcase classname="VendorCreationModule.CustomertoVendor2" name="case6" time="0.000">
    <skipped/>
  </testcase> <!-- case6 -->
  <testcase classname="VendorCreationModule.CustomertoVendor2" name="case6" time="0.000">
    <skipped/>
  </testcase> <!-- case6 -->
  <testcase classname="VendorCreationModule.CustomertoVendor2" name="case7" time="0.000">
    <skipped/>
  </testcase> <!-- case7 -->
  <testcase classname="VendorCreationModule.CustomertoVendor2" name="case7" time="0.000">
    <skipped/>
  </testcase> <!-- case7 -->
  <testcase classname="VendorCreationModule.CustomertoVendor2" name="case7" time="0.000">
    <skipped/>
  </testcase> <!-- case7 -->
  <testcase classname="VendorCreationModule.CustomertoVendor2" name="case7" time="0.000">
    <skipped/>
  </testcase> <!-- case7 -->
  <testcase classname="VendorCreationModule.CustomertoVendor2" name="case7" time="0.000">
    <skipped/>
  </testcase> <!-- case7 -->
  <testcase classname="VendorCreationModule.CustomertoVendor2" name="case7" time="0.000">
    <skipped/>
  </testcase> <!-- case7 -->
  <testcase classname="VendorCreationModule.CustomertoVendor2" name="case7" time="0.000">
    <skipped/>
  </testcase> <!-- case7 -->
  <testcase classname="VendorCreationModule.CustomertoVendor2" name="case7" time="0.000">
    <skipped/>
  </testcase> <!-- case7 -->
  <testcase classname="VendorCreationModule.CustomertoVendor2" name="case7" time="0.000">
    <skipped/>
  </testcase> <!-- case7 -->
  <testcase classname="VendorCreationModule.CustomertoVendor2" name="case7" time="0.000">
    <skipped/>
  </testcase> <!-- case7 -->
  <testcase classname="VendorCreationModule.CustomertoVendor2" name="case7" time="0.000">
    <skipped/>
  </testcase> <!-- case7 -->
  <testcase classname="VendorCreationModule.CustomertoVendor2" name="case7" time="0.000">
    <skipped/>
  </testcase> <!-- case7 -->
  <testcase classname="VendorCreationModule.CustomertoVendor2" name="case7" time="0.000">
    <skipped/>
  </testcase> <!-- case7 -->
  <testcase classname="VendorCreationModule.CustomertoVendor2" name="case7" time="0.000">
    <skipped/>
  </testcase> <!-- case7 -->
  <testcase classname="VendorCreationModule.CustomertoVendor2" name="case7" time="0.000">
    <skipped/>
  </testcase> <!-- case7 -->
  <testcase classname="VendorCreationModule.CustomertoVendor2" name="case7" time="0.000">
    <skipped/>
  </testcase> <!-- case7 -->
  <testcase classname="VendorCreationModule.CustomertoVendor2" name="case7" time="0.001">
    <skipped/>
  </testcase> <!-- case7 -->
  <testcase classname="VendorCreationModule.CustomertoVendor2" name="case7" time="0.000">
    <skipped/>
  </testcase> <!-- case7 -->
  <testcase classname="VendorCreationModule.CustomertoVendor2" name="case7" time="0.000">
    <skipped/>
  </testcase> <!-- case7 -->
  <testcase classname="VendorCreationModule.CustomertoVendor2" name="case7" time="0.000">
    <skipped/>
  </testcase> <!-- case7 -->
  <testcase classname="VendorCreationModule.CustomertoVendor2" name="case7" time="0.000">
    <skipped/>
  </testcase> <!-- case7 -->
  <testcase classname="VendorCreationModule.CustomertoVendor2" name="case7" time="0.000">
    <skipped/>
  </testcase> <!-- case7 -->
  <testcase classname="VendorCreationModule.CustomertoVendor2" name="case7" time="0.000">
    <skipped/>
  </testcase> <!-- case7 -->
  <testcase classname="VendorCreationModule.CustomertoVendor2" name="case7" time="0.000">
    <skipped/>
  </testcase> <!-- case7 -->
  <testcase classname="VendorCreationModule.CustomertoVendor2" name="case7" time="0.000">
    <skipped/>
  </testcase> <!-- case7 -->
  <testcase classname="VendorCreationModule.CustomertoVendor2" name="case7" time="0.000">
    <skipped/>
  </testcase> <!-- case7 -->
  <testcase classname="VendorCreationModule.CustomertoVendor2" name="case7" time="0.000">
    <skipped/>
  </testcase> <!-- case7 -->
  <testcase classname="VendorCreationModule.CustomertoVendor2" name="case7" time="0.000">
    <skipped/>
  </testcase> <!-- case7 -->
  <testcase classname="VendorCreationModule.CustomertoVendor2" name="case7" time="0.000">
    <skipped/>
  </testcase> <!-- case7 -->
  <testcase classname="VendorCreationModule.CustomertoVendor2" name="case7" time="0.000">
    <skipped/>
  </testcase> <!-- case7 -->
  <testcase classname="VendorCreationModule.CustomertoVendor2" name="case7" time="0.000">
    <skipped/>
  </testcase> <!-- case7 -->
  <testcase classname="VendorCreationModule.CustomertoVendor2" name="case7" time="0.000">
    <skipped/>
  </testcase> <!-- case7 -->
  <testcase classname="VendorCreationModule.CustomertoVendor2" name="case7" time="0.000">
    <skipped/>
  </testcase> <!-- case7 -->
  <testcase classname="VendorCreationModule.CustomertoVendor2" name="case7" time="0.000">
    <skipped/>
  </testcase> <!-- case7 -->
  <testcase classname="VendorCreationModule.CustomertoVendor2" name="case7" time="0.000">
    <skipped/>
  </testcase> <!-- case7 -->
  <testcase classname="VendorCreationModule.CustomertoVendor2" name="case7" time="0.000">
    <skipped/>
  </testcase> <!-- case7 -->
  <testcase classname="VendorCreationModule.CustomertoVendor2" name="case7" time="0.000">
    <skipped/>
  </testcase> <!-- case7 -->
  <testcase classname="VendorCreationModule.CustomertoVendor2" name="case7" time="0.000">
    <skipped/>
  </testcase> <!-- case7 -->
  <testcase classname="VendorCreationModule.CustomertoVendor2" name="case7" time="0.000">
    <skipped/>
  </testcase> <!-- case7 -->
  <testcase classname="VendorCreationModule.CustomertoVendor2" name="case7" time="0.000">
    <skipped/>
  </testcase> <!-- case7 -->
  <testcase classname="VendorCreationModule.CustomertoVendor2" name="case7" time="0.000">
    <skipped/>
  </testcase> <!-- case7 -->
  <testcase classname="VendorCreationModule.CustomertoVendor2" name="case7" time="0.000">
    <skipped/>
  </testcase> <!-- case7 -->
  <testcase classname="VendorCreationModule.CustomertoVendor2" name="case7" time="0.000">
    <skipped/>
  </testcase> <!-- case7 -->
  <testcase classname="VendorCreationModule.CustomertoVendor2" name="case7" time="0.000">
    <skipped/>
  </testcase> <!-- case7 -->
  <testcase classname="VendorCreationModule.CustomertoVendor2" name="case7" time="0.000">
    <skipped/>
  </testcase> <!-- case7 -->
  <testcase classname="VendorCreationModule.CustomertoVendor2" name="case8" time="0.000">
    <skipped/>
  </testcase> <!-- case8 -->
  <testcase classname="VendorCreationModule.CustomertoVendor2" name="case8" time="0.000">
    <skipped/>
  </testcase> <!-- case8 -->
  <testcase classname="VendorCreationModule.CustomertoVendor2" name="case8" time="0.000">
    <skipped/>
  </testcase> <!-- case8 -->
  <testcase classname="VendorCreationModule.CustomertoVendor2" name="case8" time="0.000">
    <skipped/>
  </testcase> <!-- case8 -->
  <testcase classname="VendorCreationModule.CustomertoVendor2" name="case8" time="0.000">
    <skipped/>
  </testcase> <!-- case8 -->
  <testcase classname="VendorCreationModule.CustomertoVendor2" name="case8" time="0.000">
    <skipped/>
  </testcase> <!-- case8 -->
  <testcase classname="VendorCreationModule.CustomertoVendor2" name="case8" time="0.000">
    <skipped/>
  </testcase> <!-- case8 -->
  <testcase classname="VendorCreationModule.CustomertoVendor2" name="case8" time="0.000">
    <skipped/>
  </testcase> <!-- case8 -->
  <testcase classname="VendorCreationModule.CustomertoVendor2" name="case8" time="0.001">
    <skipped/>
  </testcase> <!-- case8 -->
  <testcase classname="VendorCreationModule.CustomertoVendor2" name="case8" time="0.000">
    <skipped/>
  </testcase> <!-- case8 -->
  <testcase classname="VendorCreationModule.CustomertoVendor2" name="case8" time="0.000">
    <skipped/>
  </testcase> <!-- case8 -->
  <testcase classname="VendorCreationModule.CustomertoVendor2" name="case8" time="0.000">
    <skipped/>
  </testcase> <!-- case8 -->
  <testcase classname="VendorCreationModule.CustomertoVendor2" name="case8" time="0.000">
    <skipped/>
  </testcase> <!-- case8 -->
  <testcase classname="VendorCreationModule.CustomertoVendor2" name="case8" time="0.000">
    <skipped/>
  </testcase> <!-- case8 -->
  <testcase classname="VendorCreationModule.CustomertoVendor2" name="case8" time="0.000">
    <skipped/>
  </testcase> <!-- case8 -->
  <testcase classname="VendorCreationModule.CustomertoVendor2" name="case8" time="0.000">
    <skipped/>
  </testcase> <!-- case8 -->
  <testcase classname="VendorCreationModule.CustomertoVendor2" name="case8" time="0.000">
    <skipped/>
  </testcase> <!-- case8 -->
  <testcase classname="VendorCreationModule.CustomertoVendor2" name="case8" time="0.001">
    <skipped/>
  </testcase> <!-- case8 -->
  <testcase classname="VendorCreationModule.CustomertoVendor2" name="case8" time="0.001">
    <skipped/>
  </testcase> <!-- case8 -->
  <testcase classname="VendorCreationModule.CustomertoVendor2" name="case8" time="0.000">
    <skipped/>
  </testcase> <!-- case8 -->
  <testcase classname="VendorCreationModule.CustomertoVendor2" name="case8" time="0.001">
    <skipped/>
  </testcase> <!-- case8 -->
  <testcase classname="VendorCreationModule.CustomertoVendor2" name="case8" time="0.000">
    <skipped/>
  </testcase> <!-- case8 -->
  <testcase classname="VendorCreationModule.CustomertoVendor2" name="case8" time="0.000">
    <skipped/>
  </testcase> <!-- case8 -->
  <testcase classname="VendorCreationModule.CustomertoVendor2" name="case8" time="0.000">
    <skipped/>
  </testcase> <!-- case8 -->
  <testcase classname="VendorCreationModule.CustomertoVendor2" name="case8" time="0.000">
    <skipped/>
  </testcase> <!-- case8 -->
  <testcase classname="VendorCreationModule.CustomertoVendor2" name="case8" time="0.000">
    <skipped/>
  </testcase> <!-- case8 -->
  <testcase classname="VendorCreationModule.CustomertoVendor2" name="case8" time="0.000">
    <skipped/>
  </testcase> <!-- case8 -->
  <testcase classname="VendorCreationModule.CustomertoVendor2" name="case8" time="0.000">
    <skipped/>
  </testcase> <!-- case8 -->
  <testcase classname="VendorCreationModule.CustomertoVendor2" name="case8" time="0.000">
    <skipped/>
  </testcase> <!-- case8 -->
  <testcase classname="VendorCreationModule.CustomertoVendor2" name="case8" time="0.000">
    <skipped/>
  </testcase> <!-- case8 -->
  <testcase classname="VendorCreationModule.CustomertoVendor2" name="case8" time="0.001">
    <skipped/>
  </testcase> <!-- case8 -->
  <testcase classname="VendorCreationModule.CustomertoVendor2" name="case8" time="0.001">
    <skipped/>
  </testcase> <!-- case8 -->
  <testcase classname="VendorCreationModule.CustomertoVendor2" name="case8" time="0.000">
    <skipped/>
  </testcase> <!-- case8 -->
  <testcase classname="VendorCreationModule.CustomertoVendor2" name="case8" time="0.002">
    <skipped/>
  </testcase> <!-- case8 -->
  <testcase classname="VendorCreationModule.CustomertoVendor2" name="case8" time="0.000">
    <skipped/>
  </testcase> <!-- case8 -->
  <testcase classname="VendorCreationModule.CustomertoVendor2" name="case8" time="0.001">
    <skipped/>
  </testcase> <!-- case8 -->
  <testcase classname="VendorCreationModule.CustomertoVendor2" name="case8" time="0.000">
    <skipped/>
  </testcase> <!-- case8 -->
  <testcase classname="VendorCreationModule.CustomertoVendor2" name="case8" time="0.000">
    <skipped/>
  </testcase> <!-- case8 -->
  <testcase classname="VendorCreationModule.CustomertoVendor2" name="case8" time="0.000">
    <skipped/>
  </testcase> <!-- case8 -->
  <testcase classname="VendorCreationModule.CustomertoVendor2" name="case8" time="0.000">
    <skipped/>
  </testcase> <!-- case8 -->
  <testcase classname="VendorCreationModule.CustomertoVendor2" name="case8" time="0.000">
    <skipped/>
  </testcase> <!-- case8 -->
  <testcase classname="VendorCreationModule.CustomertoVendor2" name="case8" time="0.000">
    <skipped/>
  </testcase> <!-- case8 -->
  <testcase classname="VendorCreationModule.CustomertoVendor2" name="case8" time="0.000">
    <skipped/>
  </testcase> <!-- case8 -->
  <testcase classname="VendorCreationModule.CustomertoVendor2" name="case8" time="0.000">
    <skipped/>
  </testcase> <!-- case8 -->
  <testcase classname="VendorCreationModule.CustomertoVendor2" name="case8" time="0.002">
    <skipped/>
  </testcase> <!-- case8 -->
  <testcase classname="VendorCreationModule.CustomertoVendor2" name="case9" time="0.000">
    <skipped/>
  </testcase> <!-- case9 -->
  <testcase classname="VendorCreationModule.CustomertoVendor2" name="case9" time="0.000">
    <skipped/>
  </testcase> <!-- case9 -->
  <testcase classname="VendorCreationModule.CustomertoVendor2" name="case9" time="0.000">
    <skipped/>
  </testcase> <!-- case9 -->
  <testcase classname="VendorCreationModule.CustomertoVendor2" name="case9" time="0.000">
    <skipped/>
  </testcase> <!-- case9 -->
  <testcase classname="VendorCreationModule.CustomertoVendor2" name="case9" time="0.000">
    <skipped/>
  </testcase> <!-- case9 -->
  <testcase classname="VendorCreationModule.CustomertoVendor2" name="case9" time="0.000">
    <skipped/>
  </testcase> <!-- case9 -->
  <testcase classname="VendorCreationModule.CustomertoVendor2" name="case9" time="0.000">
    <skipped/>
  </testcase> <!-- case9 -->
  <testcase classname="VendorCreationModule.CustomertoVendor2" name="case9" time="0.000">
    <skipped/>
  </testcase> <!-- case9 -->
  <testcase classname="VendorCreationModule.CustomertoVendor2" name="case9" time="0.000">
    <skipped/>
  </testcase> <!-- case9 -->
  <testcase classname="VendorCreationModule.CustomertoVendor2" name="case9" time="0.000">
    <skipped/>
  </testcase> <!-- case9 -->
  <testcase classname="VendorCreationModule.CustomertoVendor2" name="case9" time="0.000">
    <skipped/>
  </testcase> <!-- case9 -->
  <testcase classname="VendorCreationModule.CustomertoVendor2" name="case9" time="0.000">
    <skipped/>
  </testcase> <!-- case9 -->
  <testcase classname="VendorCreationModule.CustomertoVendor2" name="case9" time="0.000">
    <skipped/>
  </testcase> <!-- case9 -->
  <testcase classname="VendorCreationModule.CustomertoVendor2" name="case9" time="0.000">
    <skipped/>
  </testcase> <!-- case9 -->
  <testcase classname="VendorCreationModule.CustomertoVendor2" name="case9" time="0.000">
    <skipped/>
  </testcase> <!-- case9 -->
  <testcase classname="VendorCreationModule.CustomertoVendor2" name="case9" time="0.000">
    <skipped/>
  </testcase> <!-- case9 -->
  <testcase classname="VendorCreationModule.CustomertoVendor2" name="case9" time="0.000">
    <skipped/>
  </testcase> <!-- case9 -->
  <testcase classname="VendorCreationModule.CustomertoVendor2" name="case9" time="0.000">
    <skipped/>
  </testcase> <!-- case9 -->
  <testcase classname="VendorCreationModule.CustomertoVendor2" name="case9" time="0.000">
    <skipped/>
  </testcase> <!-- case9 -->
  <testcase classname="VendorCreationModule.CustomertoVendor2" name="case9" time="0.001">
    <skipped/>
  </testcase> <!-- case9 -->
  <testcase classname="VendorCreationModule.CustomertoVendor2" name="case9" time="0.000">
    <skipped/>
  </testcase> <!-- case9 -->
  <testcase classname="VendorCreationModule.CustomertoVendor2" name="case9" time="0.000">
    <skipped/>
  </testcase> <!-- case9 -->
  <testcase classname="VendorCreationModule.CustomertoVendor2" name="case9" time="0.001">
    <skipped/>
  </testcase> <!-- case9 -->
  <testcase classname="VendorCreationModule.CustomertoVendor2" name="case9" time="0.000">
    <skipped/>
  </testcase> <!-- case9 -->
  <testcase classname="VendorCreationModule.CustomertoVendor2" name="case9" time="0.000">
    <skipped/>
  </testcase> <!-- case9 -->
  <testcase classname="VendorCreationModule.CustomertoVendor2" name="case9" time="0.000">
    <skipped/>
  </testcase> <!-- case9 -->
  <testcase classname="VendorCreationModule.CustomertoVendor2" name="case9" time="0.001">
    <skipped/>
  </testcase> <!-- case9 -->
  <testcase classname="VendorCreationModule.CustomertoVendor2" name="case9" time="0.001">
    <skipped/>
  </testcase> <!-- case9 -->
  <testcase classname="VendorCreationModule.CustomertoVendor2" name="case9" time="0.000">
    <skipped/>
  </testcase> <!-- case9 -->
  <testcase classname="VendorCreationModule.CustomertoVendor2" name="case9" time="0.000">
    <skipped/>
  </testcase> <!-- case9 -->
  <testcase classname="VendorCreationModule.CustomertoVendor2" name="case9" time="0.000">
    <skipped/>
  </testcase> <!-- case9 -->
  <testcase classname="VendorCreationModule.CustomertoVendor2" name="case9" time="0.000">
    <skipped/>
  </testcase> <!-- case9 -->
  <testcase classname="VendorCreationModule.CustomertoVendor2" name="case9" time="0.000">
    <skipped/>
  </testcase> <!-- case9 -->
  <testcase classname="VendorCreationModule.CustomertoVendor2" name="case9" time="0.000">
    <skipped/>
  </testcase> <!-- case9 -->
  <testcase classname="VendorCreationModule.CustomertoVendor2" name="case9" time="0.001">
    <skipped/>
  </testcase> <!-- case9 -->
  <testcase classname="VendorCreationModule.CustomertoVendor2" name="case9" time="0.000">
    <skipped/>
  </testcase> <!-- case9 -->
  <testcase classname="VendorCreationModule.CustomertoVendor2" name="case9" time="0.000">
    <skipped/>
  </testcase> <!-- case9 -->
  <testcase classname="VendorCreationModule.CustomertoVendor2" name="case9" time="0.000">
    <skipped/>
  </testcase> <!-- case9 -->
  <testcase classname="VendorCreationModule.CustomertoVendor2" name="case9" time="0.000">
    <skipped/>
  </testcase> <!-- case9 -->
  <testcase classname="VendorCreationModule.CustomertoVendor2" name="case9" time="0.000">
    <skipped/>
  </testcase> <!-- case9 -->
  <testcase classname="VendorCreationModule.CustomertoVendor2" name="case9" time="0.000">
    <skipped/>
  </testcase> <!-- case9 -->
  <testcase classname="VendorCreationModule.CustomertoVendor2" name="case9" time="0.000">
    <skipped/>
  </testcase> <!-- case9 -->
  <testcase classname="VendorCreationModule.CustomertoVendor2" name="case9" time="0.000">
    <skipped/>
  </testcase> <!-- case9 -->
  <testcase classname="VendorCreationModule.CustomertoVendor2" name="case9" time="0.000">
    <skipped/>
  </testcase> <!-- case9 -->
  <testcase classname="VendorCreationModule.CustomertoVendor2" name="case9" time="0.000">
    <skipped/>
  </testcase> <!-- case9 -->
  <testcase classname="VendorCreationModule.CustomertoVendor2" name="case10" time="0.000">
    <skipped/>
  </testcase> <!-- case10 -->
  <testcase classname="VendorCreationModule.CustomertoVendor2" name="case10" time="0.000">
    <skipped/>
  </testcase> <!-- case10 -->
  <testcase classname="VendorCreationModule.CustomertoVendor2" name="case10" time="0.000">
    <skipped/>
  </testcase> <!-- case10 -->
  <testcase classname="VendorCreationModule.CustomertoVendor2" name="case10" time="0.000">
    <skipped/>
  </testcase> <!-- case10 -->
  <testcase classname="VendorCreationModule.CustomertoVendor2" name="case10" time="0.000">
    <skipped/>
  </testcase> <!-- case10 -->
  <testcase classname="VendorCreationModule.CustomertoVendor2" name="case10" time="0.000">
    <skipped/>
  </testcase> <!-- case10 -->
  <testcase classname="VendorCreationModule.CustomertoVendor2" name="case10" time="0.000">
    <skipped/>
  </testcase> <!-- case10 -->
  <testcase classname="VendorCreationModule.CustomertoVendor2" name="case10" time="0.000">
    <skipped/>
  </testcase> <!-- case10 -->
  <testcase classname="VendorCreationModule.CustomertoVendor2" name="case10" time="0.000">
    <skipped/>
  </testcase> <!-- case10 -->
  <testcase classname="VendorCreationModule.CustomertoVendor2" name="case10" time="0.000">
    <skipped/>
  </testcase> <!-- case10 -->
  <testcase classname="VendorCreationModule.CustomertoVendor2" name="case10" time="0.000">
    <skipped/>
  </testcase> <!-- case10 -->
  <testcase classname="VendorCreationModule.CustomertoVendor2" name="case10" time="0.000">
    <skipped/>
  </testcase> <!-- case10 -->
  <testcase classname="VendorCreationModule.CustomertoVendor2" name="case10" time="0.000">
    <skipped/>
  </testcase> <!-- case10 -->
  <testcase classname="VendorCreationModule.CustomertoVendor2" name="case10" time="0.000">
    <skipped/>
  </testcase> <!-- case10 -->
  <testcase classname="VendorCreationModule.CustomertoVendor2" name="case10" time="0.000">
    <skipped/>
  </testcase> <!-- case10 -->
  <testcase classname="VendorCreationModule.CustomertoVendor2" name="case10" time="0.000">
    <skipped/>
  </testcase> <!-- case10 -->
  <testcase classname="VendorCreationModule.CustomertoVendor2" name="case10" time="0.000">
    <skipped/>
  </testcase> <!-- case10 -->
  <testcase classname="VendorCreationModule.CustomertoVendor2" name="case10" time="0.000">
    <skipped/>
  </testcase> <!-- case10 -->
  <testcase classname="VendorCreationModule.CustomertoVendor2" name="case10" time="0.000">
    <skipped/>
  </testcase> <!-- case10 -->
  <testcase classname="VendorCreationModule.CustomertoVendor2" name="case10" time="0.001">
    <skipped/>
  </testcase> <!-- case10 -->
  <testcase classname="VendorCreationModule.CustomertoVendor2" name="case10" time="0.000">
    <skipped/>
  </testcase> <!-- case10 -->
  <testcase classname="VendorCreationModule.CustomertoVendor2" name="case10" time="0.000">
    <skipped/>
  </testcase> <!-- case10 -->
  <testcase classname="VendorCreationModule.CustomertoVendor2" name="case10" time="0.000">
    <skipped/>
  </testcase> <!-- case10 -->
  <testcase classname="VendorCreationModule.CustomertoVendor2" name="case10" time="0.000">
    <skipped/>
  </testcase> <!-- case10 -->
  <testcase classname="VendorCreationModule.CustomertoVendor2" name="case10" time="0.000">
    <skipped/>
  </testcase> <!-- case10 -->
  <testcase classname="VendorCreationModule.CustomertoVendor2" name="case10" time="0.000">
    <skipped/>
  </testcase> <!-- case10 -->
  <testcase classname="VendorCreationModule.CustomertoVendor2" name="case10" time="0.000">
    <skipped/>
  </testcase> <!-- case10 -->
  <testcase classname="VendorCreationModule.CustomertoVendor2" name="case10" time="0.000">
    <skipped/>
  </testcase> <!-- case10 -->
  <testcase classname="VendorCreationModule.CustomertoVendor2" name="case10" time="0.000">
    <skipped/>
  </testcase> <!-- case10 -->
  <testcase classname="VendorCreationModule.CustomertoVendor2" name="case10" time="0.000">
    <skipped/>
  </testcase> <!-- case10 -->
  <testcase classname="VendorCreationModule.CustomertoVendor2" name="case10" time="0.000">
    <skipped/>
  </testcase> <!-- case10 -->
  <testcase classname="VendorCreationModule.CustomertoVendor2" name="case10" time="0.000">
    <skipped/>
  </testcase> <!-- case10 -->
  <testcase classname="VendorCreationModule.CustomertoVendor2" name="case10" time="0.000">
    <skipped/>
  </testcase> <!-- case10 -->
  <testcase classname="VendorCreationModule.CustomertoVendor2" name="case10" time="0.000">
    <skipped/>
  </testcase> <!-- case10 -->
  <testcase classname="VendorCreationModule.CustomertoVendor2" name="case10" time="0.000">
    <skipped/>
  </testcase> <!-- case10 -->
  <testcase classname="VendorCreationModule.CustomertoVendor2" name="case10" time="0.000">
    <skipped/>
  </testcase> <!-- case10 -->
  <testcase classname="VendorCreationModule.CustomertoVendor2" name="case10" time="0.000">
    <skipped/>
  </testcase> <!-- case10 -->
  <testcase classname="VendorCreationModule.CustomertoVendor2" name="case10" time="0.000">
    <skipped/>
  </testcase> <!-- case10 -->
  <testcase classname="VendorCreationModule.CustomertoVendor2" name="case10" time="0.000">
    <skipped/>
  </testcase> <!-- case10 -->
  <testcase classname="VendorCreationModule.CustomertoVendor2" name="case10" time="0.000">
    <skipped/>
  </testcase> <!-- case10 -->
  <testcase classname="VendorCreationModule.CustomertoVendor2" name="case10" time="0.000">
    <skipped/>
  </testcase> <!-- case10 -->
  <testcase classname="VendorCreationModule.CustomertoVendor2" name="case10" time="0.000">
    <skipped/>
  </testcase> <!-- case10 -->
  <testcase classname="VendorCreationModule.CustomertoVendor2" name="case10" time="0.001">
    <skipped/>
  </testcase> <!-- case10 -->
  <testcase classname="VendorCreationModule.CustomertoVendor2" name="case10" time="0.000">
    <skipped/>
  </testcase> <!-- case10 -->
  <testcase classname="VendorCreationModule.CustomertoVendor2" name="case10" time="0.000">
    <skipped/>
  </testcase> <!-- case10 -->
  <testcase classname="VendorCreationModule.CustomertoVendor2" name="case11" time="0.000">
    <skipped/>
  </testcase> <!-- case11 -->
  <testcase classname="VendorCreationModule.CustomertoVendor2" name="case11" time="0.000">
    <skipped/>
  </testcase> <!-- case11 -->
  <testcase classname="VendorCreationModule.CustomertoVendor2" name="case11" time="0.000">
    <skipped/>
  </testcase> <!-- case11 -->
  <testcase classname="VendorCreationModule.CustomertoVendor2" name="case11" time="0.000">
    <skipped/>
  </testcase> <!-- case11 -->
  <testcase classname="VendorCreationModule.CustomertoVendor2" name="case11" time="0.000">
    <skipped/>
  </testcase> <!-- case11 -->
  <testcase classname="VendorCreationModule.CustomertoVendor2" name="case11" time="0.000">
    <skipped/>
  </testcase> <!-- case11 -->
  <testcase classname="VendorCreationModule.CustomertoVendor2" name="case11" time="0.000">
    <skipped/>
  </testcase> <!-- case11 -->
  <testcase classname="VendorCreationModule.CustomertoVendor2" name="case11" time="0.000">
    <skipped/>
  </testcase> <!-- case11 -->
  <testcase classname="VendorCreationModule.CustomertoVendor2" name="case11" time="0.000">
    <skipped/>
  </testcase> <!-- case11 -->
  <testcase classname="VendorCreationModule.CustomertoVendor2" name="case11" time="0.000">
    <skipped/>
  </testcase> <!-- case11 -->
  <testcase classname="VendorCreationModule.CustomertoVendor2" name="case11" time="0.000">
    <skipped/>
  </testcase> <!-- case11 -->
  <testcase classname="VendorCreationModule.CustomertoVendor2" name="case11" time="0.000">
    <skipped/>
  </testcase> <!-- case11 -->
  <testcase classname="VendorCreationModule.CustomertoVendor2" name="case11" time="0.000">
    <skipped/>
  </testcase> <!-- case11 -->
  <testcase classname="VendorCreationModule.CustomertoVendor2" name="case11" time="0.000">
    <skipped/>
  </testcase> <!-- case11 -->
  <testcase classname="VendorCreationModule.CustomertoVendor2" name="case11" time="0.000">
    <skipped/>
  </testcase> <!-- case11 -->
  <testcase classname="VendorCreationModule.CustomertoVendor2" name="case11" time="0.000">
    <skipped/>
  </testcase> <!-- case11 -->
  <testcase classname="VendorCreationModule.CustomertoVendor2" name="case11" time="0.000">
    <skipped/>
  </testcase> <!-- case11 -->
  <testcase classname="VendorCreationModule.CustomertoVendor2" name="case11" time="0.000">
    <skipped/>
  </testcase> <!-- case11 -->
  <testcase classname="VendorCreationModule.CustomertoVendor2" name="case11" time="0.000">
    <skipped/>
  </testcase> <!-- case11 -->
  <testcase classname="VendorCreationModule.CustomertoVendor2" name="case11" time="0.000">
    <skipped/>
  </testcase> <!-- case11 -->
  <testcase classname="VendorCreationModule.CustomertoVendor2" name="case11" time="0.000">
    <skipped/>
  </testcase> <!-- case11 -->
  <testcase classname="VendorCreationModule.CustomertoVendor2" name="case11" time="0.000">
    <skipped/>
  </testcase> <!-- case11 -->
  <testcase classname="VendorCreationModule.CustomertoVendor2" name="case11" time="0.000">
    <skipped/>
  </testcase> <!-- case11 -->
  <testcase classname="VendorCreationModule.CustomertoVendor2" name="case11" time="0.000">
    <skipped/>
  </testcase> <!-- case11 -->
  <testcase classname="VendorCreationModule.CustomertoVendor2" name="case11" time="0.000">
    <skipped/>
  </testcase> <!-- case11 -->
  <testcase classname="VendorCreationModule.CustomertoVendor2" name="case11" time="0.000">
    <skipped/>
  </testcase> <!-- case11 -->
  <testcase classname="VendorCreationModule.CustomertoVendor2" name="case11" time="0.000">
    <skipped/>
  </testcase> <!-- case11 -->
  <testcase classname="VendorCreationModule.CustomertoVendor2" name="case11" time="0.000">
    <skipped/>
  </testcase> <!-- case11 -->
  <testcase classname="VendorCreationModule.CustomertoVendor2" name="case11" time="0.000">
    <skipped/>
  </testcase> <!-- case11 -->
  <testcase classname="VendorCreationModule.CustomertoVendor2" name="case11" time="0.000">
    <skipped/>
  </testcase> <!-- case11 -->
  <testcase classname="VendorCreationModule.CustomertoVendor2" name="case11" time="0.000">
    <skipped/>
  </testcase> <!-- case11 -->
  <testcase classname="VendorCreationModule.CustomertoVendor2" name="case11" time="0.000">
    <skipped/>
  </testcase> <!-- case11 -->
  <testcase classname="VendorCreationModule.CustomertoVendor2" name="case11" time="0.000">
    <skipped/>
  </testcase> <!-- case11 -->
  <testcase classname="VendorCreationModule.CustomertoVendor2" name="case11" time="0.000">
    <skipped/>
  </testcase> <!-- case11 -->
  <testcase classname="VendorCreationModule.CustomertoVendor2" name="case11" time="0.000">
    <skipped/>
  </testcase> <!-- case11 -->
  <testcase classname="VendorCreationModule.CustomertoVendor2" name="case11" time="0.000">
    <skipped/>
  </testcase> <!-- case11 -->
  <testcase classname="VendorCreationModule.CustomertoVendor2" name="case11" time="0.000">
    <skipped/>
  </testcase> <!-- case11 -->
  <testcase classname="VendorCreationModule.CustomertoVendor2" name="case11" time="0.000">
    <skipped/>
  </testcase> <!-- case11 -->
  <testcase classname="VendorCreationModule.CustomertoVendor2" name="case11" time="0.000">
    <skipped/>
  </testcase> <!-- case11 -->
  <testcase classname="VendorCreationModule.CustomertoVendor2" name="case11" time="0.000">
    <skipped/>
  </testcase> <!-- case11 -->
  <testcase classname="VendorCreationModule.CustomertoVendor2" name="case11" time="0.000">
    <skipped/>
  </testcase> <!-- case11 -->
  <testcase classname="VendorCreationModule.CustomertoVendor2" name="case11" time="0.000">
    <skipped/>
  </testcase> <!-- case11 -->
  <testcase classname="VendorCreationModule.CustomertoVendor2" name="case11" time="0.000">
    <skipped/>
  </testcase> <!-- case11 -->
  <testcase classname="VendorCreationModule.CustomertoVendor2" name="case11" time="0.000">
    <skipped/>
  </testcase> <!-- case11 -->
  <testcase classname="VendorCreationModule.CustomertoVendor2" name="case11" time="0.000">
    <skipped/>
  </testcase> <!-- case11 -->
</testsuite> <!-- VendorCreationModule.CustomertoVendor2 -->
