<?xml version="1.0" encoding="UTF-8"?>
<!-- Generated by org.testng.reporters.JUnitReportReporter -->
<testsuite hostname="DESKTOP-FMCFGK5" failures="0" tests="1" name="VendorCreationModule.LoginModuleOnly" time="0.000" errors="0" timestamp="2024-12-10T11:20:11 IST" skipped="1">
  <testcase classname="VendorCreationModule.LoginModuleOnly" name="cases" time="0.000">
    <skipped/>
  </testcase> <!-- cases -->
</testsuite> <!-- VendorCreationModule.LoginModuleOnly -->
